Build started 08/03/2013 6:43:18 PM.
     1>Project "C:\Users\Justin\Documents\GitHub\GPU-Assignment\a2\a2.vcxproj" on node 2 (build target(s)).
     1>InitializeBuildStatus:
         Touching "Debug\a2.unsuccessfulbuild".
       ClCompile:
         C:\Program Files (x86)\Microsoft Visual Studio 10.0\VC\bin\CL.exe /c /ZI /nologo /W3 /WX- /Od /Oy- /D WIN32 /D _DEBUG /D _CONSOLE /D _UNICODE /D UNICODE /Gm /EHsc /RTC1 /MDd /GS /fp:precise /Zc:wchar_t /Zc:forScope /Fo"Debug\\" /Fd"Debug\vc100.pdb" /Gd /TP /analyze- /errorReport:prompt besselj.cpp main.cu utils.cpp
         main.cu
     1>c:\users\justin\documents\github\gpu-assignment\a2\main.cu(5): fatal error C1083: Cannot open include file: 'cuda_runtime.h': No such file or directory
         Generating Code...
         Compiling...
         besselj.cpp
     1>c:\users\justin\documents\github\gpu-assignment\a2\besselj.cpp(14): warning C4244: 'initializing' : conversion from 'int' to 'float', possible loss of data
     1>c:\users\justin\documents\github\gpu-assignment\a2\besselj.cpp(15): warning C4244: 'initializing' : conversion from 'int' to 'float', possible loss of data
     1>c:\users\justin\documents\github\gpu-assignment\a2\besselj.cpp(18): warning C4244: 'initializing' : conversion from 'double' to 'float', possible loss of data
         Generating Code...
         Skipping... (no relevant changes detected)
         utils.cpp
     1>Done Building Project "C:\Users\Justin\Documents\GitHub\GPU-Assignment\a2\a2.vcxproj" (build target(s)) -- FAILED.

Build FAILED.

Time Elapsed 00:00:00.93
